        -:    0:Source:D:/FMI UBB CLUJ 2023-2026/UBB-COMPUTER-SCIENCE/SEMESTRUL 2/PROGRAMARE ORIENTATA OBIECT/LABORATOR/lab 2/domain.c
        -:    0:Graph:D:\FMI UBB CLUJ 2023-2026\UBB-COMPUTER-SCIENCE\SEMESTRUL 2\PROGRAMARE ORIENTATA OBIECT\LABORATOR\lab 2\cmake-build-debug-coverage\CMakeFiles\lab_2.dir\domain.c.gcno
        -:    0:Data:D:\FMI UBB CLUJ 2023-2026\UBB-COMPUTER-SCIENCE\SEMESTRUL 2\PROGRAMARE ORIENTATA OBIECT\LABORATOR\lab 2\cmake-build-debug-coverage\CMakeFiles\lab_2.dir\domain.c.gcda
        -:    0:Runs:1
        -:    1://
        -:    2:// Created by Costi on 06-Mar-24.
        -:    3://
        -:    4:
        -:    5:#include "domain.h"
        -:    6:#include <string.h>
        -:    7:
        -:    8:/*
        -:    9: * Creeaza o oferta noua.
        -:   10: *
        -:   11: * Parametri:
        -:   12: *   - tip: tipul ofertei (char*)
        -:   13: *   - destinatie: destinatia ofertei (char*)
        -:   14: *   - data_plecarii: data plecarii (char*)
        -:   15: *   - pret: pretul ofertei (float)
        -:   16: *
        -:   17: * Returneaza:
        -:   18: *   oferta - o structura reprezentand o oferta cu specificatiile date
        -:   19: */
function creeazaOferta called 26 returned 100% blocks executed 100%
       26:   20:oferta creeazaOferta(char *tip, char *destinatie, char *data_plecarii, float pret)
        -:   21:{
        -:   22:    oferta o;
       26:   23:    strcpy(o.tip, tip);
       26:   24:    strcpy(o.destinatie, destinatie);
       26:   25:    strcpy(o.data_plecarii, data_plecarii);
       26:   26:    o.pret = pret;
        -:   27:
       26:   28:    return o;
       26:   28-block  0
        -:   29:}
        -:   30:
        -:   31:/*
        -:   32: * Valideaza o oferta.
        -:   33: *
        -:   34: * Parametri:
        -:   35: *   - o: oferta de validat (oferta)
        -:   36: *
        -:   37: * Returneaza:
        -:   38: *   int - 1 daca oferta este valida, 0 altfel
        -:   39: */
function valideazaOferta called 14 returned 100% blocks executed 100%
       14:   40:int valideazaOferta(oferta o)
        -:   41:{
        -:   42:    /*
        -:   43:     * validator pentru oferta
        -:   44:     */
        -:   45:    char tipp[50];
       14:   46:    strcpy(tipp, o.tip);
       14:   47:    if ((strcmp(tipp,"munte") != 0) && (strcmp(tipp , "mare") != 0) && (strcmp(tipp, "city break") != 0))
       14:   47-block  0
branch  0 taken 7 (fallthrough)
branch  1 taken 7
        7:   47-block  1
branch  2 taken 2 (fallthrough)
branch  3 taken 5
        2:   47-block  2
branch  4 taken 2 (fallthrough)
branch  5 taken 0
        2:   48:        return 0;
        2:   48-block  0
       12:   49:    if (strlen(o.destinatie) == 0)
       12:   49-block  0
branch  0 taken 1 (fallthrough)
branch  1 taken 11
        1:   50:        return 0;
        1:   50-block  0
       11:   51:    if (strlen(o.data_plecarii) == 0)
       11:   51-block  0
branch  0 taken 1 (fallthrough)
branch  1 taken 10
        1:   52:        return 0;
        1:   52-block  0
       10:   53:    if (o.pret < 0)
       10:   53-block  0
branch  0 taken 2 (fallthrough)
branch  1 taken 8
        2:   54:        return 0;
        2:   54-block  0
        -:   55:
        8:   56:    return 1;
        8:   56-block  0
        -:   57:}
        -:   58:
        -:   59:/*
        -:   60: * Distruge o oferta.
        -:   61: *
        -:   62: * Parametri:
        -:   63: *   - o: oferta de distrus (oferta*)
        -:   64: */
function distrugeOferta called 1 returned 100% blocks executed 100%
        1:   65:void distrugeOferta(oferta *o)
        -:   66:{
        1:   67:    o -> tip[0] = '\0';
        1:   68:    o -> destinatie[0] = '\0';
        1:   69:    o -> data_plecarii[0] = '\0';
        1:   70:    o -> pret = -1;
        1:   71:}
