        -:    0:Source:D:/FMI UBB CLUJ 2023-2026/UBB-COMPUTER-SCIENCE/SEMESTRUL 2/PROGRAMARE ORIENTATA OBIECT/LABORATOR/lab 4/main.c
        -:    0:Graph:D:\FMI UBB CLUJ 2023-2026\UBB-COMPUTER-SCIENCE\SEMESTRUL 2\PROGRAMARE ORIENTATA OBIECT\LABORATOR\lab 4\cmake-build-debug-coverage\CMakeFiles\Lab2.dir\main.c.gcno
        -:    0:Data:D:\FMI UBB CLUJ 2023-2026\UBB-COMPUTER-SCIENCE\SEMESTRUL 2\PROGRAMARE ORIENTATA OBIECT\LABORATOR\lab 4\cmake-build-debug-coverage\CMakeFiles\Lab2.dir\main.c.gcda
        -:    0:Runs:1
        -:    1://
        -:    2:// Created by david on 3/6/24.
        -:    3:// modified by costi on 3/24/24
        -:    4://
        -:    5:
        -:    6:/*
        -:    7: * 8. Magazin electronice
        -:    8:
        -:    9:        Creati o aplicatie care permite gestiunea stocului de produse intr-un magazin de electronice.
        -:   10:    Fiecare produs are un identificator unic, tip (laptop, frigider, televizor,etc), producator, model,
        -:   11:    pret, cantitate.
        -:   12:    Aplicatia permite:
        -:   13:     a) Adaugarea de noi produse. Daca produsul este deja in stoc trebuie actualizat cantitatea
        -:   14:     b) Actualizare produse (modificare pret sau cantitate)
        -:   15:     c) Stergere produs
        -:   16:     d) Vizualizare produse din stoc, ordonat dupa pret, cantitate (crescator/descrescator)
        -:   17:     e) Vizualizare lista de produse filtrate dupa un criteriu (producator, pret, cantitate)
        -:   18: */
        -:   19:#include <stdlib.h>
        -:   20:#include "./Domain/product.h"
        -:   21:#include "./Repository/repository.h"
        -:   22:#include "./UI/ui.h"
        -:   23:#include "./Tests/test.h"
        -:   24:
        -:   25:
function main called 1 returned 0% blocks executed 83%
        1:   26:int main() {
        1:   27:    testAll();
        1:   27-block  0
call    0 returned 1
        -:   28:
        -:   29:
        -:   30:
        -:   31:    Repository repo;
        -:   32:    Validator vali;
        -:   33:    Service service;
        -:   34:    Console console;
        1:   35:    service.repository = &repo;
        1:   36:    service.validator = &vali;
        1:   37:    console.service = &service;
        -:   38:
        1:   39:    initRepository(&repo, 11);
call    0 returned 1
        1:   40:    setUp(&service);
call    0 returned 1
        -:   41:
        1:   42:    run(console);
call    0 returned 0
        -:   43:
    #####:   44:    free(repo.products);
        -:   45:}
