        -:    0:Source:/mnt/d/FMI UBB CLUJ 2023-2026/UBB-COMPUTER-SCIENCE/SEMESTRUL 2/PROGRAMARE ORIENTATA OBIECT/LABORATOR/lab 5 refactorizare codul altuia/main.c
        -:    0:Graph:/mnt/d/FMI UBB CLUJ 2023-2026/UBB-COMPUTER-SCIENCE/SEMESTRUL 2/PROGRAMARE ORIENTATA OBIECT/LABORATOR/lab 5 refactorizare codul altuia/cmake-build-debug-coverage/CMakeFiles/lab_2.dir/main.c.gcno
        -:    0:Data:/mnt/d/FMI UBB CLUJ 2023-2026/UBB-COMPUTER-SCIENCE/SEMESTRUL 2/PROGRAMARE ORIENTATA OBIECT/LABORATOR/lab 5 refactorizare codul altuia/cmake-build-debug-coverage/CMakeFiles/lab_2.dir/main.c.gcda
        -:    0:Runs:1
        -:    1://
        -:    2:// Created by Costi on 27-Mar-24.
        -:    3://
        -:    4:#include <stdio.h>
        -:    5:#include "ui.h"
        -:    6:#include <stdlib.h>
        -:    7:#include "tests.h"
        -:    8:/*
        -:    9: *
        -:   10:    8. Magazin electronice
        -:   11:
        -:   12:    Creati o aplicatie care permite gestiunea stocului de produse intr-un magazin de electronice.
        -:   13:    Fiecare produs are un identificator unic, tip (laptop, frigider, televizor,etc), producator, model,
        -:   14:    pret, cantitate.
        -:   15:    Aplicatia permite:
        -:   16:     a) Adaugarea de noi produse. Daca produsul este deja in stoc trebuie actualizat cantitatea
        -:   17:     b) Actualizare produse (modificare pret sau cantitate)
        -:   18:     c) Stergere produs
        -:   19:     d) Vizualizare produse din stoc, ordonat dupa pret, cantitate (crescator/descrescator)
        -:   20:     e) Vizualizare lista de produse filtrate dupa un criteriu (producator, pret, cantitate)
        -:   21: */
        -:   22:
function main called 1 returned 100% blocks executed 100%
        1:   23:int main()
        -:   24:{
        1:   25:    runAllTests();
        1:   25-block  0
call    0 returned 1
        -:   26:    //run();
        1:   27:    return 0;
        -:   28:}
        -:   29:
        -:   30:
