        -:    0:Source:/mnt/d/FMI UBB CLUJ 2023-2026/UBB-COMPUTER-SCIENCE/SEMESTRUL 2/PROGRAMARE ORIENTATA OBIECT/LABORATOR/lab 5 refactorizare codul altuia/sort.c
        -:    0:Graph:/mnt/d/FMI UBB CLUJ 2023-2026/UBB-COMPUTER-SCIENCE/SEMESTRUL 2/PROGRAMARE ORIENTATA OBIECT/LABORATOR/lab 5 refactorizare codul altuia/cmake-build-debug-coverage/CMakeFiles/lab_2.dir/sort.c.gcno
        -:    0:Data:/mnt/d/FMI UBB CLUJ 2023-2026/UBB-COMPUTER-SCIENCE/SEMESTRUL 2/PROGRAMARE ORIENTATA OBIECT/LABORATOR/lab 5 refactorizare codul altuia/cmake-build-debug-coverage/CMakeFiles/lab_2.dir/sort.c.gcda
        -:    0:Runs:1
        -:    1://
        -:    2:// Created by Costi on 20-Mar-24.
        -:    3://
        -:    4:#include <stdlib.h>
        -:    5:#include "sort.h"
        -:    6:#include "repository.h"
        -:    7:#include "service.h"
        -:    8:#include "string.h"
        -:    9:/**
        -:   10:* Sorteaza in place
        -:   11:* cmpf - relatia dupa care se sorteaza
        -:   12:*/
        -:   13:
function sort called 0 returned 0% blocks executed 0%
    #####:   14:void sort(Offerte* l, CompareFct cmpF)
        -:   15:{
        -:   16:    int i, j;
    #####:   17:    for (i = 0; i < l->dimensiune - 1; i++) {
    %%%%%:   17-block  0
    %%%%%:   17-block  1
    %%%%%:   17-block  2
branch  0 never executed
branch  1 never executed
    #####:   18:        for (j = i + 1; j < l->dimensiune; j++) {
    %%%%%:   18-block  0
    %%%%%:   18-block  1
    %%%%%:   18-block  2
branch  0 never executed
branch  1 never executed
    #####:   19:            if (cmpF(l->oferte[i], l->oferte[j]) > 0) {
    %%%%%:   19-block  0
call    0 never executed
branch  1 never executed
branch  2 never executed
        -:   20:                // Swap elements l->lista[i] and l->lista[j]
    #####:   21:                Entitate temp = l->oferte[i];
    #####:   22:                l->oferte[i] = l->oferte[j];
    #####:   23:                l->oferte[j] = temp;
    %%%%%:   23-block  0
        -:   24:            }
        -:   25:        }
        -:   26:    }
    #####:   27:}
