        -:    0:Source:/mnt/d/FMI UBB CLUJ 2023-2026/UBB-COMPUTER-SCIENCE/SEMESTRUL 2/PROGRAMARE ORIENTATA OBIECT/LABORATOR/lab 5 refactorizare codul altuia/tests.c
        -:    0:Graph:/mnt/d/FMI UBB CLUJ 2023-2026/UBB-COMPUTER-SCIENCE/SEMESTRUL 2/PROGRAMARE ORIENTATA OBIECT/LABORATOR/lab 5 refactorizare codul altuia/cmake-build-debug-coverage/CMakeFiles/lab_2.dir/tests.c.gcno
        -:    0:Data:/mnt/d/FMI UBB CLUJ 2023-2026/UBB-COMPUTER-SCIENCE/SEMESTRUL 2/PROGRAMARE ORIENTATA OBIECT/LABORATOR/lab 5 refactorizare codul altuia/cmake-build-debug-coverage/CMakeFiles/lab_2.dir/tests.c.gcda
        -:    0:Runs:1
        -:    1://
        -:    2:// Created by Costi on 12-Mar-24.
        -:    3://
        -:    4:#include "tests.h"
        -:    5:#include "domain.h"
        -:    6:#include "repository.h"
        -:    7:#include "service.h"
        -:    8:#include <assert.h>
        -:    9:#include <string.h>
        -:   10:#include <stdlib.h>
        -:   11:#include <stdio.h>
        -:   12:#include "sort.h"
function testValideazaOferta called 0 returned 0% blocks executed 0%
    #####:   13:void testValideazaOferta()
        -:   14:{
    #####:   15:    int idRau = -1;
    #####:   16:    char* tip = "mere";
    #####:   17:    int pretRau = -1;
    #####:   18:    char* destinatie = "";
    #####:   19:    char* data_plecarii = "";
        -:   20:
    #####:   21:    Oferta* o = creeazaOferta(tip,"paris","28.05.2004",15,10);
    %%%%%:   21-block  0
call    0 never executed
    #####:   22:    assert(valideazaOferta(o)==-1);
call    0 never executed
branch  1 never executed
branch  2 never executed
    %%%%%:   22-block  0
call    3 never executed
        -:   23:
    #####:   24:    Oferta* o1 = creeazaOferta("mare",destinatie,"28.05.2004",15,1);
    %%%%%:   24-block  0
call    0 never executed
    #####:   25:    assert(valideazaOferta(o1)==-1);
call    0 never executed
branch  1 never executed
branch  2 never executed
    %%%%%:   25-block  0
call    3 never executed
        -:   26:
    #####:   27:    Oferta* o2 = creeazaOferta("mare","paris",data_plecarii,15,2);
    %%%%%:   27-block  0
call    0 never executed
    #####:   28:    assert(valideazaOferta(o2)==-1);
call    0 never executed
branch  1 never executed
branch  2 never executed
    %%%%%:   28-block  0
call    3 never executed
        -:   29:
        -:   30:
    #####:   31:    Oferta* o3 = creeazaOferta("mare","paris","28.05.2004",pretRau,3);
    %%%%%:   31-block  0
call    0 never executed
    #####:   32:    assert(valideazaOferta(o3)==-1);
call    0 never executed
branch  1 never executed
branch  2 never executed
    %%%%%:   32-block  0
call    3 never executed
        -:   33:
    #####:   34:    Oferta* o4 = creeazaOferta("mare","paris","28.05.2004",15,idRau);
    %%%%%:   34-block  0
call    0 never executed
    #####:   35:    assert(valideazaOferta(o4)==-1);
call    0 never executed
branch  1 never executed
branch  2 never executed
    %%%%%:   35-block  0
call    3 never executed
        -:   36:
    #####:   37:    Oferta* o5 = creeazaOferta("mare","paris","28.05.2004",15,5);
    %%%%%:   37-block  0
call    0 never executed
    #####:   38:    assert(valideazaOferta(o5)==1);
call    0 never executed
branch  1 never executed
branch  2 never executed
    %%%%%:   38-block  0
call    3 never executed
        -:   39:
    #####:   40:    destroyOferta(o);
    %%%%%:   40-block  0
call    0 never executed
    #####:   41:    destroyOferta(o1);
call    0 never executed
    #####:   42:    destroyOferta(o2);
call    0 never executed
    #####:   43:    destroyOferta(o3);
call    0 never executed
    #####:   44:    destroyOferta(o4);
call    0 never executed
    #####:   45:    destroyOferta(o5);
call    0 never executed
    #####:   46:}
        -:   47:
function testUpdate called 0 returned 0% blocks executed 0%
    #####:   48:void testUpdate()
        -:   49:{
    #####:   50:    BigList list = createBigList();
    %%%%%:   50-block  0
call    0 never executed
    #####:   51:    Offerte* f = list.lista;
    #####:   52:    Oferta* m = creeazaOferta("mare","paris","28.05.2004",15,5);
call    0 never executed
    #####:   53:    setPret(m,12);
call    0 never executed
    #####:   54:    addEntitate(f,m);
call    0 never executed
        -:   55:
    #####:   56:    assert(updateEnt(&list,"mare","paris","28.05.2004",15,6)==-1);
call    0 never executed
branch  1 never executed
branch  2 never executed
    %%%%%:   56-block  0
call    3 never executed
    #####:   57:    assert(updateEnt(&list,"mare","paris","28.05.2004",12,5)==0);
    %%%%%:   57-block  0
call    0 never executed
branch  1 never executed
branch  2 never executed
    %%%%%:   57-block  1
call    3 never executed
        -:   58:
    #####:   59:    destroyAll(&list);
    %%%%%:   59-block  0
call    0 never executed
        -:   60:
    #####:   61:}
function testCauta called 0 returned 0% blocks executed 0%
    #####:   62:void testCauta()
        -:   63:{
    #####:   64:    BigList list = createBigList();
    %%%%%:   64-block  0
call    0 never executed
    #####:   65:    Offerte* f = list.lista;
    #####:   66:    Oferta * m = creeazaOferta("mare","paris","28.05.2004",15,5);
call    0 never executed
    #####:   67:    addEntitate(f,m);
call    0 never executed
    #####:   68:    assert(checkId(&list,5)==1);
call    0 never executed
branch  1 never executed
branch  2 never executed
    %%%%%:   68-block  0
call    3 never executed
    #####:   69:    assert(checkId(&list,6)==0);
    %%%%%:   69-block  0
call    0 never executed
branch  1 never executed
branch  2 never executed
    %%%%%:   69-block  1
call    3 never executed
        -:   70:
    #####:   71:    destroyAll(&list);
    %%%%%:   71-block  0
call    0 never executed
    #####:   72:}
        -:   73:
function testAddEntitate called 0 returned 0% blocks executed 0%
    #####:   74:void testAddEntitate()
        -:   75:{
    #####:   76:    BigList list = createBigList();
    %%%%%:   76-block  0
call    0 never executed
        -:   77:
    #####:   78:    addEnt(&list,"mare","paris1","28.05.2004",15,5);
call    0 never executed
    #####:   79:    addEnt(&list,"mare","paris2","28.05.2004",15,6);
call    0 never executed
    #####:   80:    addEnt(&list,"mare","paris3","28.05.2004",15,7);
call    0 never executed
    #####:   81:    assert(list.lista->dimensiune==3);
branch  0 never executed
branch  1 never executed
    %%%%%:   81-block  0
call    2 never executed
    #####:   82:    Oferta* p = get(list.lista,0);
    %%%%%:   82-block  0
call    0 never executed
        -:   83:
    #####:   84:    assert(5 == p->id);
branch  0 never executed
branch  1 never executed
    %%%%%:   84-block  0
call    2 never executed
    #####:   85:    assert(15 == p->pret);
    %%%%%:   85-block  0
branch  0 never executed
branch  1 never executed
    %%%%%:   85-block  1
call    2 never executed
        -:   86:
    #####:   87:    assert(addEnt(&list,"lac","paris1","28.05.2004",15,5)==0);
    %%%%%:   87-block  0
call    0 never executed
branch  1 never executed
branch  2 never executed
    %%%%%:   87-block  1
call    3 never executed
        -:   88:
    #####:   89:    destroyAll(&list);
    %%%%%:   89-block  0
call    0 never executed
        -:   90:
    #####:   91:}
        -:   92:
function testDeleteEntitate called 0 returned 0% blocks executed 0%
    #####:   93:void testDeleteEntitate()
        -:   94:{
    #####:   95:    BigList list = createBigList();
    %%%%%:   95-block  0
call    0 never executed
    #####:   96:    Offerte* f = list.lista;
    #####:   97:    Oferta* m = creeazaOferta("mare","paris","28.05.2004",15,5);
call    0 never executed
    #####:   98:    Oferta* m1 = creeazaOferta("mare","paris","28.05.2004",14,6);
call    0 never executed
    #####:   99:    Oferta* m2 = creeazaOferta("mare","paris","28.05.2004",13,7);
call    0 never executed
    #####:  100:    Oferta* m3 = creeazaOferta("mare","paris","28.05.2004",12,8);
call    0 never executed
        -:  101:
    #####:  102:    addEntitate(f,m);
call    0 never executed
    #####:  103:    addEntitate(f,m1);
call    0 never executed
    #####:  104:    addEntitate(f,m2);
call    0 never executed
    #####:  105:    addEntitate(f,m3);
call    0 never executed
    #####:  106:    assert(deleteEnt(&list,4)==0);
call    0 never executed
branch  1 never executed
branch  2 never executed
    %%%%%:  106-block  0
call    3 never executed
    #####:  107:    assert(deleteEnt(&list,5)==1);
    %%%%%:  107-block  0
call    0 never executed
branch  1 never executed
branch  2 never executed
    %%%%%:  107-block  1
call    3 never executed
    #####:  108:    destroyAll(&list);
    %%%%%:  108-block  0
call    0 never executed
    #####:  109:}
        -:  110:
function testAsiguraCapacitate called 0 returned 0% blocks executed 0%
    #####:  111:void testAsiguraCapacitate()
        -:  112:{
    #####:  113:    Offerte * f = creeazaOfferte();
    %%%%%:  113-block  0
call    0 never executed
    #####:  114:    Oferta* m = creeazaOferta("mare","paris","28.05.2004",15,5);
call    0 never executed
    #####:  115:    Oferta* m1 = creeazaOferta("mare","paris","28.05.2004",14,6);
call    0 never executed
    #####:  116:    Oferta* m2 = creeazaOferta("mare","paris","28.05.2004",13,7);
call    0 never executed
    #####:  117:    addEntitate(f,m);
call    0 never executed
    #####:  118:    addEntitate(f,m1);
call    0 never executed
    #####:  119:    assert(f->capacitate==2);
branch  0 never executed
branch  1 never executed
    %%%%%:  119-block  0
call    2 never executed
    #####:  120:    addEntitate(f,m2);
    %%%%%:  120-block  0
call    0 never executed
    #####:  121:    assert(f->capacitate==4);
branch  0 never executed
branch  1 never executed
    %%%%%:  121-block  0
call    2 never executed
    #####:  122:    assert(f->dimensiune==3);
    %%%%%:  122-block  0
branch  0 never executed
branch  1 never executed
    %%%%%:  122-block  1
call    2 never executed
    #####:  123:    destroyOfferte(f);
    %%%%%:  123-block  0
call    0 never executed
        -:  124:
    #####:  125:}
        -:  126:
function testFilterPret called 0 returned 0% blocks executed 0%
    #####:  127:void testFilterPret()
        -:  128:{
    #####:  129:    BigList list = createBigList();
    %%%%%:  129-block  0
call    0 never executed
        -:  130:
    #####:  131:    addEnt(&list,"mare","paris","28.05.2004",15,5);
call    0 never executed
    #####:  132:    addEnt(&list,"mare","paris","28.05.2004",160,6);
call    0 never executed
    #####:  133:    addEnt(&list,"mare","paris","28.05.2004",20,7);
call    0 never executed
    #####:  134:    addEnt(&list,"mare","paris","28.05.2004",140,8);
call    0 never executed
    #####:  135:    addEnt(&list,"mare","paris","28.05.2004",30,9);
call    0 never executed
        -:  136:
    #####:  137:    Offerte * f1 = filterPret(&list,100);
call    0 never executed
        -:  138:
    #####:  139:    assert(f1->dimensiune == 3);
branch  0 never executed
branch  1 never executed
    %%%%%:  139-block  0
call    2 never executed
    #####:  140:    assert(getPret(f1->oferte[0]) == 15);
    %%%%%:  140-block  0
call    0 never executed
branch  1 never executed
branch  2 never executed
    %%%%%:  140-block  1
call    3 never executed
    #####:  141:    assert(getPret(f1->oferte[1]) == 20);
    %%%%%:  141-block  0
call    0 never executed
branch  1 never executed
branch  2 never executed
    %%%%%:  141-block  1
call    3 never executed
    #####:  142:    assert(getPret(f1->oferte[2]) == 30);
    %%%%%:  142-block  0
call    0 never executed
branch  1 never executed
branch  2 never executed
    %%%%%:  142-block  1
call    3 never executed
        -:  143:
    #####:  144:    destroyOfferte(f1);
    %%%%%:  144-block  0
call    0 never executed
    #####:  145:    destroyAll(&list);
call    0 never executed
    #####:  146:}
        -:  147:
function testFilterTip called 0 returned 0% blocks executed 0%
    #####:  148:void testFilterTip()
        -:  149:{
    #####:  150:    BigList list = createBigList();
    %%%%%:  150-block  0
call    0 never executed
        -:  151:
    #####:  152:    addEnt(&list,"mare","paris","28.05.2004",15,5);
call    0 never executed
    #####:  153:    addEnt(&list,"MUNTE","paris","28.05.2004",160,6);
call    0 never executed
    #####:  154:    addEnt(&list,"MUNTE","paris","28.05.2004",20,7);
call    0 never executed
    #####:  155:    addEnt(&list,"mare","paris","28.05.2004",140,8);
call    0 never executed
    #####:  156:    addEnt(&list,"mare","paris","28.05.2004",30,9);
call    0 never executed
        -:  157:
    #####:  158:    Offerte * f1 = filterTip(&list,'m');
call    0 never executed
        -:  159:
    #####:  160:    assert(f1->dimensiune == 3);
branch  0 never executed
branch  1 never executed
    %%%%%:  160-block  0
call    2 never executed
    #####:  161:    assert(getPret(f1->oferte[0]) == 15);
    %%%%%:  161-block  0
call    0 never executed
branch  1 never executed
branch  2 never executed
    %%%%%:  161-block  1
call    3 never executed
    #####:  162:    assert(getPret(f1->oferte[1]) == 140);
    %%%%%:  162-block  0
call    0 never executed
branch  1 never executed
branch  2 never executed
    %%%%%:  162-block  1
call    3 never executed
    #####:  163:    assert(getPret(f1->oferte[2]) == 30);
    %%%%%:  163-block  0
call    0 never executed
branch  1 never executed
branch  2 never executed
    %%%%%:  163-block  1
call    3 never executed
        -:  164:
    #####:  165:    destroyOfferte(f1);
    %%%%%:  165-block  0
call    0 never executed
    #####:  166:    destroyAll(&list);
call    0 never executed
    #####:  167:}
function testdinsort called 0 returned 0% blocks executed 0%
    #####:  168:void testdinsort() {
    #####:  169:    BigList list = createBigList();
    %%%%%:  169-block  0
call    0 never executed
    #####:  170:    Offerte* f = list.lista;
    #####:  171:    Oferta* m = creeazaOferta("mare","paris","28.05.2004",15,5);
call    0 never executed
    #####:  172:    Oferta* m1 = creeazaOferta("mare","paris","28.05.2004",14,6);
call    0 never executed
    #####:  173:    Oferta* m2 = creeazaOferta("mare","paris","28.05.2004",13,7);
call    0 never executed
    #####:  174:    Oferta* m3 = creeazaOferta("mare","paris","28.05.2004",12,8);
call    0 never executed
        -:  175:
    #####:  176:    addEntitate(f,m);
call    0 never executed
    #####:  177:    addEntitate(f,m1);
call    0 never executed
    #####:  178:    addEntitate(f,m2);
call    0 never executed
    #####:  179:    addEntitate(f,m3);
call    0 never executed
    #####:  180:    sort(f, cmpPret);
call    0 never executed
        -:  181:
        -:  182:    // Assert that the resulting list is sorted
    #####:  183:    assert(getPret(f->oferte[0]) == 12); // First element should have price 12
call    0 never executed
branch  1 never executed
branch  2 never executed
    %%%%%:  183-block  0
call    3 never executed
    #####:  184:    assert(getPret(f->oferte[1]) == 13); // Second element should have price 13
    %%%%%:  184-block  0
call    0 never executed
branch  1 never executed
branch  2 never executed
    %%%%%:  184-block  1
call    3 never executed
    #####:  185:    assert(getPret(f->oferte[2]) == 14); // Third element should have price 14
    %%%%%:  185-block  0
call    0 never executed
branch  1 never executed
branch  2 never executed
    %%%%%:  185-block  1
call    3 never executed
    #####:  186:    assert(getPret(f->oferte[3]) == 15); // Fourth element should have price 15
    %%%%%:  186-block  0
call    0 never executed
branch  1 never executed
branch  2 never executed
    %%%%%:  186-block  1
call    3 never executed
    #####:  187:    destroyAll(&list);
    %%%%%:  187-block  0
call    0 never executed
    #####:  188:}
function testSortingFunctions called 0 returned 0% blocks executed 0%
    #####:  189:void testSortingFunctions() {
        -:  190:    // Test cmpPret function
    #####:  191:    Oferta oferta1 = {"paris", "dest1", "2024-01-01", 20, 1};
    #####:  192:    Oferta oferta2 = {"roma", "dest2", "2024-01-01", 15, 2};
    #####:  193:    assert(cmpPret(&oferta1, &oferta2) > 0);
    %%%%%:  193-block  0
call    0 never executed
branch  1 never executed
branch  2 never executed
    %%%%%:  193-block  1
call    3 never executed
    #####:  194:    assert(cmpPret(&oferta2, &oferta1) < 0);
    %%%%%:  194-block  0
call    0 never executed
branch  1 never executed
branch  2 never executed
    %%%%%:  194-block  1
call    3 never executed
    #####:  195:    assert(cmpPret(&oferta1, &oferta1) == 0);
    %%%%%:  195-block  0
call    0 never executed
branch  1 never executed
branch  2 never executed
    %%%%%:  195-block  1
call    3 never executed
        -:  196:
        -:  197:    // Test cmpPretD function
    #####:  198:    assert(cmpPretD(&oferta1, &oferta2) < 0);
    %%%%%:  198-block  0
call    0 never executed
branch  1 never executed
branch  2 never executed
    %%%%%:  198-block  1
call    3 never executed
    #####:  199:    assert(cmpPretD(&oferta2, &oferta1) > 0);
    %%%%%:  199-block  0
call    0 never executed
branch  1 never executed
branch  2 never executed
    %%%%%:  199-block  1
call    3 never executed
    #####:  200:    assert(cmpPretD(&oferta1, &oferta1) == 0);
    %%%%%:  200-block  0
call    0 never executed
branch  1 never executed
branch  2 never executed
    %%%%%:  200-block  1
call    3 never executed
        -:  201:
        -:  202:    // Test cmpDestinatie function
    #####:  203:    assert(cmpDestinatie(&oferta1, &oferta2) < 0);
    %%%%%:  203-block  0
call    0 never executed
branch  1 never executed
branch  2 never executed
    %%%%%:  203-block  1
call    3 never executed
    #####:  204:    assert(cmpDestinatie(&oferta2, &oferta1) > 0);
    %%%%%:  204-block  0
call    0 never executed
branch  1 never executed
branch  2 never executed
    %%%%%:  204-block  1
call    3 never executed
    #####:  205:    assert(cmpDestinatie(&oferta1, &oferta1) == 0);
    %%%%%:  205-block  0
call    0 never executed
branch  1 never executed
branch  2 never executed
    %%%%%:  205-block  1
call    3 never executed
        -:  206:
        -:  207:
        -:  208:    // Test cmpDestinatieD function
    #####:  209:    assert(cmpDestinatieD(&oferta1, &oferta2) > 0);
    %%%%%:  209-block  0
call    0 never executed
branch  1 never executed
branch  2 never executed
    %%%%%:  209-block  1
call    3 never executed
    #####:  210:    assert(cmpDestinatieD(&oferta2, &oferta1) < 0);
    %%%%%:  210-block  0
call    0 never executed
branch  1 never executed
branch  2 never executed
    %%%%%:  210-block  1
call    3 never executed
    #####:  211:    assert(cmpDestinatieD(&oferta1, &oferta1) == 0);
    %%%%%:  211-block  0
call    0 never executed
branch  1 never executed
branch  2 never executed
    %%%%%:  211-block  1
call    3 never executed
        -:  212:
    #####:  213:}
function testesortpret called 0 returned 0% blocks executed 0%
    #####:  214:void testesortpret()
        -:  215:{
    #####:  216:    BigList list = createBigList();
    %%%%%:  216-block  0
call    0 never executed
        -:  217:
    #####:  218:    Offerte* f = list.lista;
    #####:  219:    Oferta* m = creeazaOferta("mare","paris","28.05.2004",15,5);
call    0 never executed
    #####:  220:    Oferta* m1 = creeazaOferta("mare","paris","28.05.2004",14,6);
call    0 never executed
    #####:  221:    Oferta* m2 = creeazaOferta("mare","paris","28.05.2004",13,7);
call    0 never executed
    #####:  222:    Oferta* m3 = creeazaOferta("mare","paris","28.05.2004",12,8);
call    0 never executed
        -:  223:
    #####:  224:    addEntitate(f,m);
call    0 never executed
    #####:  225:    addEntitate(f,m1);
call    0 never executed
    #####:  226:    addEntitate(f,m2);
call    0 never executed
    #####:  227:    addEntitate(f,m3);
call    0 never executed
    #####:  228:    BigList* sortedList = sortPret(&list);
call    0 never executed
    #####:  229:    assert(getPret(sortedList->lista->oferte[0]) == 12);
call    0 never executed
branch  1 never executed
branch  2 never executed
    %%%%%:  229-block  0
call    3 never executed
    #####:  230:    destroyAll(&list);
    %%%%%:  230-block  0
call    0 never executed
    #####:  231:}
function testesortpretd called 0 returned 0% blocks executed 0%
    #####:  232:void testesortpretd()
        -:  233:{
    #####:  234:    BigList list = createBigList();
    %%%%%:  234-block  0
call    0 never executed
        -:  235:
    #####:  236:    Offerte* f = list.lista;
    #####:  237:    Oferta* m = creeazaOferta("mare","paris","28.05.2004",15,5);
call    0 never executed
    #####:  238:    Oferta* m1 = creeazaOferta("mare","paris","28.05.2004",14,6);
call    0 never executed
    #####:  239:    Oferta* m2 = creeazaOferta("mare","paris","28.05.2004",13,7);
call    0 never executed
    #####:  240:    Oferta* m3 = creeazaOferta("mare","paris","28.05.2004",12,8);
call    0 never executed
        -:  241:
    #####:  242:    addEntitate(f,m);
call    0 never executed
    #####:  243:    addEntitate(f,m1);
call    0 never executed
    #####:  244:    addEntitate(f,m2);
call    0 never executed
    #####:  245:    addEntitate(f,m3);
call    0 never executed
    #####:  246:    BigList* sortedList = sortPretD(&list);
call    0 never executed
    #####:  247:    assert(getPret(sortedList->lista->oferte[0]) == 15);
call    0 never executed
branch  1 never executed
branch  2 never executed
    %%%%%:  247-block  0
call    3 never executed
    #####:  248:    destroyAll(&list);
    %%%%%:  248-block  0
call    0 never executed
    #####:  249:}
function testesortdest called 0 returned 0% blocks executed 0%
    #####:  250:void testesortdest()
        -:  251:{
    #####:  252:    BigList list = createBigList();
    %%%%%:  252-block  0
call    0 never executed
        -:  253:
    #####:  254:    Offerte* f = list.lista;
    #####:  255:    Oferta* m = creeazaOferta("mare","paris2","28.05.2004",15,5);
call    0 never executed
    #####:  256:    Oferta* m1 = creeazaOferta("mare","paris1","28.05.2004",14,6);
call    0 never executed
    #####:  257:    Oferta* m2 = creeazaOferta("mare","paris3","28.05.2004",13,7);
call    0 never executed
    #####:  258:    Oferta* m3 = creeazaOferta("mare","paris4","28.05.2004",12,8);
call    0 never executed
        -:  259:
    #####:  260:    addEntitate(f,m);
call    0 never executed
    #####:  261:    addEntitate(f,m1);
call    0 never executed
    #####:  262:    addEntitate(f,m2);
call    0 never executed
    #####:  263:    addEntitate(f,m3);
call    0 never executed
    #####:  264:    BigList* sortedList = sortDestinatie(&list);
call    0 never executed
    #####:  265:    assert(getPret(sortedList->lista->oferte[0]) == 14);
call    0 never executed
branch  1 never executed
branch  2 never executed
    %%%%%:  265-block  0
call    3 never executed
    #####:  266:    destroyAll(&list);
    %%%%%:  266-block  0
call    0 never executed
    #####:  267:}
function testesortdestd called 0 returned 0% blocks executed 0%
    #####:  268:void testesortdestd()
        -:  269:{
    #####:  270:    BigList list = createBigList();
    %%%%%:  270-block  0
call    0 never executed
        -:  271:
    #####:  272:    Offerte* f = list.lista;
    #####:  273:    Oferta* m = creeazaOferta("mare","paris2","28.05.2004",15,5);
call    0 never executed
    #####:  274:    Oferta* m1 = creeazaOferta("mare","paris1","28.05.2004",14,6);
call    0 never executed
    #####:  275:    Oferta* m2 = creeazaOferta("mare","paris3","28.05.2004",13,7);
call    0 never executed
    #####:  276:    Oferta* m3 = creeazaOferta("mare","paris4","28.05.2004",12,8);
call    0 never executed
        -:  277:
    #####:  278:    addEntitate(f,m);
call    0 never executed
    #####:  279:    addEntitate(f,m1);
call    0 never executed
    #####:  280:    addEntitate(f,m2);
call    0 never executed
    #####:  281:    addEntitate(f,m3);
call    0 never executed
    #####:  282:    BigList* sortedList = sortDestinatieD(&list);
call    0 never executed
    #####:  283:    assert(getPret(sortedList->lista->oferte[0]) == 12);
call    0 never executed
branch  1 never executed
branch  2 never executed
    %%%%%:  283-block  0
call    3 never executed
    #####:  284:    destroyAll(&list);
    %%%%%:  284-block  0
call    0 never executed
    #####:  285:}
function repotestadd called 0 returned 0% blocks executed 0%
    #####:  286:void repotestadd()
        -:  287:{
    #####:  288:    BigList list = createBigList();
    %%%%%:  288-block  0
call    0 never executed
    #####:  289:    Offerte* f = list.lista;
    #####:  290:    Oferta * m = creeazaOferta("mare","paris","28.05.2004",15,5);
call    0 never executed
    #####:  291:    addEntitate(f,m);
call    0 never executed
    #####:  292:    assert(getPret(f->oferte[0]) == 15);
call    0 never executed
branch  1 never executed
branch  2 never executed
    %%%%%:  292-block  0
call    3 never executed
        -:  293:
    #####:  294:    destroyAll(&list);
    %%%%%:  294-block  0
call    0 never executed
    #####:  295:}
function repotestdelete called 0 returned 0% blocks executed 0%
    #####:  296:void repotestdelete()
        -:  297:{
    #####:  298:    BigList list = createBigList();
    %%%%%:  298-block  0
call    0 never executed
    #####:  299:    Offerte* f = list.lista;
    #####:  300:    Oferta * m = creeazaOferta("mare","paris","28.05.2004",15,5);
call    0 never executed
    #####:  301:    addEntitate(f,m);
call    0 never executed
    #####:  302:    assert(getPret(f->oferte[0]) == 15);
call    0 never executed
branch  1 never executed
branch  2 never executed
    %%%%%:  302-block  0
call    3 never executed
    #####:  303:    assert(deleteEntitate(f,5) == 0);
    %%%%%:  303-block  0
call    0 never executed
branch  1 never executed
branch  2 never executed
    %%%%%:  303-block  1
call    3 never executed
    #####:  304:    destroyAll(&list);
    %%%%%:  304-block  0
call    0 never executed
    #####:  305:}
function runAllTests called 0 returned 0% blocks executed 0%
    #####:  306:void runAllTests()
        -:  307:{
    #####:  308:    repotestadd();
    %%%%%:  308-block  0
call    0 never executed
    #####:  309:    repotestdelete();
call    0 never executed
    #####:  310:    testValideazaOferta();
call    0 never executed
    #####:  311:    testCauta();
call    0 never executed
    #####:  312:    testAddEntitate();
call    0 never executed
    #####:  313:    testDeleteEntitate();
call    0 never executed
    #####:  314:    testUpdate();
call    0 never executed
    #####:  315:    testAsiguraCapacitate();
call    0 never executed
    #####:  316:    testFilterPret();
call    0 never executed
    #####:  317:    testFilterTip();
call    0 never executed
    #####:  318:    testdinsort();
call    0 never executed
    #####:  319:    testSortingFunctions();
call    0 never executed
    #####:  320:    testesortdestd();
call    0 never executed
    #####:  321:    testesortpretd();
call    0 never executed
    #####:  322:    testesortpret();
call    0 never executed
    #####:  323:    testesortdest();
call    0 never executed
    #####:  324:}
