        -:    0:Source:/mnt/d/FMI UBB CLUJ 2023-2026/UBB-COMPUTER-SCIENCE/SEMESTRUL 2/PROGRAMARE ORIENTATA OBIECT/LABORATOR/lab 6 static/domain.cpp
        -:    0:Graph:/mnt/d/FMI UBB CLUJ 2023-2026/UBB-COMPUTER-SCIENCE/SEMESTRUL 2/PROGRAMARE ORIENTATA OBIECT/LABORATOR/lab 6 static/cmake-build-debug-coverage/CMakeFiles/lab_6_static.dir/domain.cpp.gcno
        -:    0:Data:/mnt/d/FMI UBB CLUJ 2023-2026/UBB-COMPUTER-SCIENCE/SEMESTRUL 2/PROGRAMARE ORIENTATA OBIECT/LABORATOR/lab 6 static/cmake-build-debug-coverage/CMakeFiles/lab_6_static.dir/domain.cpp.gcda
        -:    0:Runs:1
        -:    1://
        -:    2:// Created by Costi on 29-Mar-24.
        -:    3://
        -:    4:
        -:    5:#include "domain.h"
        -:    6:
function _ZN6Masina15to_string_printB5cxx11Ev called 1 returned 100% blocks executed 49%
        1:    7:string Masina::to_string_print() {
        2:    8:    return "NrInmatriculare: " + std::to_string(this->nr) + " | Producator: " + this->producator + " | Model: " + this->model + " | Tip:" + this->tip;
        1:    8-block  0
call    0 returned 1
call    1 returned 1
branch  2 taken 1 (fallthrough)
branch  3 taken 0 (throw)
        1:    8-block  1
call    4 returned 1
branch  5 taken 1 (fallthrough)
branch  6 taken 0 (throw)
        1:    8-block  2
call    7 returned 1
branch  8 taken 1 (fallthrough)
branch  9 taken 0 (throw)
        1:    8-block  3
call   10 returned 1
branch 11 taken 1 (fallthrough)
branch 12 taken 0 (throw)
        1:    8-block  4
call   13 returned 1
branch 14 taken 1 (fallthrough)
branch 15 taken 0 (throw)
        1:    8-block  5
call   16 returned 1
branch 17 taken 1 (fallthrough)
branch 18 taken 0 (throw)
        1:    8-block  6
call   19 returned 1
branch 20 taken 1 (fallthrough)
branch 21 taken 0 (throw)
        1:    8-block  7
call   22 returned 1
call   23 returned 1
call   24 returned 1
call   25 returned 1
call   26 returned 1
call   27 returned 1
call   28 returned 1
        1:    8-block  8
    $$$$$:    8-block  9
call   29 never executed
    $$$$$:    8-block 10
    $$$$$:    8-block 11
call   30 never executed
    $$$$$:    8-block 12
    $$$$$:    8-block 13
call   31 never executed
    $$$$$:    8-block 14
    $$$$$:    8-block 15
call   32 never executed
    $$$$$:    8-block 16
    $$$$$:    8-block 17
call   33 never executed
    $$$$$:    8-block 18
    $$$$$:    8-block 19
call   34 never executed
    $$$$$:    8-block 20
    $$$$$:    8-block 21
call   35 never executed
        -:    9:}
