        -:    0:Source:/mnt/d/FMI UBB CLUJ 2023-2026/UBB-COMPUTER-SCIENCE/SEMESTRUL 2/PROGRAMARE ORIENTATA OBIECT/LABORATOR/lab 6 static/service.h
        -:    0:Graph:/mnt/d/FMI UBB CLUJ 2023-2026/UBB-COMPUTER-SCIENCE/SEMESTRUL 2/PROGRAMARE ORIENTATA OBIECT/LABORATOR/lab 6 static/cmake-build-debug-coverage/CMakeFiles/lab_6_static.dir/main.cpp.gcno
        -:    0:Data:/mnt/d/FMI UBB CLUJ 2023-2026/UBB-COMPUTER-SCIENCE/SEMESTRUL 2/PROGRAMARE ORIENTATA OBIECT/LABORATOR/lab 6 static/cmake-build-debug-coverage/CMakeFiles/lab_6_static.dir/main.cpp.gcda
        -:    0:Runs:1
        -:    1://
        -:    2:// Created by Costi on 29-Mar-24.
        -:    3://
        -:    4:
        -:    5:#ifndef LAB_6_STATIC_SERVICE_H
        -:    6:#define LAB_6_STATIC_SERVICE_H
        -:    7:
        -:    8:#include "domain.h"
        -:    9:#include "repository.h"
        -:   10:#include <functional>
        -:   11:#include <vector>
        -:   12:
        -:   13:using std::vector;
        -:   14:using std::function;
        -:   15:
        -:   16:class MasinaService {
        -:   17:    MasinaRepo &rep;
        -:   18:
        -:   19:
        -:   20:public:
function _ZN13MasinaServiceC2ER10MasinaRepo called 2 returned 100% blocks executed 100%
        2:   21:    explicit MasinaService(MasinaRepo &r) : rep{r} {
        -:   22:
        2:   23:    }
        -:   24:
        -:   25:    MasinaService(const MasinaService &ot) = delete;
        -:   26:
        -:   27:    const vector<Masina> &getAll() noexcept
        -:   28:    {
        -:   29:        return rep.getAll();
        -:   30:    }
        -:   31:
        -:   32:    bool addMasinaService(int nr, const string &producator, const string &model, const string &tip);
        -:   33:
        -:   34:    bool delMasinaService(int nr);
        -:   35:
        -:   36:    bool modifyMasinaService(int nr, const string &producator, const string &model, const string &tip);
        -:   37:
        -:   38:    //const Masina &srcMasinaService(int nr);
        -:   39:
        -:   40:
        -:   41:
        -:   42:};
        -:   43:#endif //LAB_6_STATIC_SERVICE_H
