        -:    0:Source:/mnt/d/FMI UBB CLUJ 2023-2026/UBB-COMPUTER-SCIENCE/SEMESTRUL 2/PROGRAMARE ORIENTATA OBIECT/LABORATOR/lab 6 static/domain.h
        -:    0:Graph:/mnt/d/FMI UBB CLUJ 2023-2026/UBB-COMPUTER-SCIENCE/SEMESTRUL 2/PROGRAMARE ORIENTATA OBIECT/LABORATOR/lab 6 static/cmake-build-debug-coverage/CMakeFiles/lab_6_static.dir/repository.cpp.gcno
        -:    0:Data:/mnt/d/FMI UBB CLUJ 2023-2026/UBB-COMPUTER-SCIENCE/SEMESTRUL 2/PROGRAMARE ORIENTATA OBIECT/LABORATOR/lab 6 static/cmake-build-debug-coverage/CMakeFiles/lab_6_static.dir/repository.cpp.gcda
        -:    0:Runs:1
        -:    1://
        -:    2:// Created by Costi on 29-Mar-24.
        -:    3://
        -:    4:
        -:    5:#ifndef LAB_6_STATIC_DOMAIN_H
        -:    6:#define LAB_6_STATIC_DOMAIN_H
        -:    7:#include <string>
        -:    8:#include <iostream>
        -:    9:
        -:   10:using std::string;
        -:   11:using std::cout;
        -:   12:
        -:   13:class Masina{
        -:   14:    int nr;
        -:   15:    std::string producator;
        -:   16:    std::string model;
        -:   17:    std::string tip;
        -:   18:
        -:   19:public:
        -:   20:    Masina(int n, const string prod, const string mod, const string t) : nr{ n}, producator{prod}, model{mod}, tip{t}{
        -:   21:
        -:   22:    }
function _ZN6MasinaC2ERKS_ called 11 returned 100% blocks executed 55%
       11:   23:    Masina(const Masina& ot) : nr{ ot.nr}, producator{ot.producator}, model{ot.model}, tip{ot.tip}{
       11:   23-block  0
call    0 returned 11
call    1 returned 11
branch  2 taken 11 (fallthrough)
branch  3 taken 0 (throw)
       11:   23-block  1
call    4 returned 11
branch  5 taken 11 (fallthrough)
branch  6 taken 0 (throw)
       11:   24:        cout << "*\n";
       11:   24-block  0
call    0 returned 11
branch  1 taken 11 (fallthrough)
branch  2 taken 0 (throw)
       11:   25:    }
       11:   25-block  0
    $$$$$:   25-block  1
call    0 never executed
    $$$$$:   25-block  2
call    1 never executed
    $$$$$:   25-block  3
call    2 never executed
function _ZNK6Masina5getNREv called 16 returned 100% blocks executed 100%
       16:   26:    int getNR() const noexcept{
       16:   27:        return nr;
       16:   27-block  0
        -:   28:    }
        -:   29:
function _ZNK6Masina13getProducatorB5cxx11Ev called 25 returned 100% blocks executed 100%
       25:   30:    string getProducator() const{
       25:   31:        return producator;
       25:   31-block  0
call    0 returned 25
        -:   32:    }
        -:   33:
function _ZNK6Masina8getModelB5cxx11Ev called 20 returned 100% blocks executed 100%
       20:   34:    string getModel() const{
       20:   35:        return model;
       20:   35-block  0
call    0 returned 20
        -:   36:    }
        -:   37:
        -:   38:    string getTip()const{
        -:   39:        return tip;
        -:   40:    }
        -:   41:
        -:   42:    string to_string_print();
        -:   43:};
        -:   44:
        -:   45:#endif //LAB_6_STATIC_DOMAIN_H
