        -:    0:Source:/mnt/d/FMI UBB CLUJ 2023-2026/UBB-COMPUTER-SCIENCE/SEMESTRUL 2/PROGRAMARE ORIENTATA OBIECT/LABORATOR/lab 6 static/service.cpp
        -:    0:Graph:/mnt/d/FMI UBB CLUJ 2023-2026/UBB-COMPUTER-SCIENCE/SEMESTRUL 2/PROGRAMARE ORIENTATA OBIECT/LABORATOR/lab 6 static/cmake-build-debug-coverage/CMakeFiles/lab_6_static.dir/service.cpp.gcno
        -:    0:Data:/mnt/d/FMI UBB CLUJ 2023-2026/UBB-COMPUTER-SCIENCE/SEMESTRUL 2/PROGRAMARE ORIENTATA OBIECT/LABORATOR/lab 6 static/cmake-build-debug-coverage/CMakeFiles/lab_6_static.dir/service.cpp.gcda
        -:    0:Runs:1
        -:    1://
        -:    2:// Created by Costi on 29-Mar-24.
        -:    3://
        -:    4:
        -:    5:#include "service.h"
        -:    6:#include <algorithm>
        -:    7:#include <functional>
        -:    8:
function _ZN13MasinaService16addMasinaServiceEiRKNSt7__cxx1112basic_stringIcSt11char_traitsIcESaIcEEES7_S7_ called 4 returned 100% blocks executed 58%
        4:    9:bool MasinaService::addMasinaService(int nr, const std::string &producator, const std::string &model,
        -:   10:                                     const std::string &tip) {
        8:   11:    Masina m{nr, producator, model, tip};
        4:   11-block  0
call    0 returned 4
branch  1 taken 4 (fallthrough)
branch  2 taken 0 (throw)
        4:   11-block  1
call    3 returned 4
branch  4 taken 4 (fallthrough)
branch  5 taken 0 (throw)
        4:   11-block  2
call    6 returned 4
branch  7 taken 4 (fallthrough)
branch  8 taken 0 (throw)
        4:   11-block  3
call    9 returned 4
branch 10 taken 4 (fallthrough)
branch 11 taken 0 (throw)
call   12 returned 4
call   13 returned 4
    $$$$$:   11-block  4
    $$$$$:   11-block  5
    $$$$$:   11-block  6
        4:   12:    bool c = rep.store(m);
call    0 returned 4
branch  1 taken 4 (fallthrough)
branch  2 taken 0 (throw)
        4:   13:    if (c)
        4:   13-block  0
branch  0 taken 3 (fallthrough)
branch  1 taken 1
        3:   14:        return true;
        3:   14-block  0
        1:   15:    return false;
        1:   15-block  0
        4:   16:}
        4:   16-block  0
call    0 returned 4
    $$$$$:   16-block  1
call    1 never executed
        -:   17:
function _ZN13MasinaService16delMasinaServiceEi called 2 returned 100% blocks executed 100%
        2:   18:bool MasinaService::delMasinaService(int nr) {
        2:   19:    bool c = rep.delMasinaRepo(nr);
        2:   19-block  0
call    0 returned 2
        2:   20:    if (c)
branch  0 taken 1 (fallthrough)
branch  1 taken 1
        1:   21:        return true;
        1:   21-block  0
        1:   22:    return false;
        1:   22-block  0
        -:   23:}
        -:   24:
function _ZN13MasinaService19modifyMasinaServiceEiRKNSt7__cxx1112basic_stringIcSt11char_traitsIcESaIcEEES7_S7_ called 2 returned 100% blocks executed 58%
        2:   25:bool MasinaService::modifyMasinaService(int nr, const std::string &producator, const std::string &model,
        -:   26:                                        const std::string &tip) {
        4:   27:    Masina m{nr, producator, model, tip};
        2:   27-block  0
call    0 returned 2
branch  1 taken 2 (fallthrough)
branch  2 taken 0 (throw)
        2:   27-block  1
call    3 returned 2
branch  4 taken 2 (fallthrough)
branch  5 taken 0 (throw)
        2:   27-block  2
call    6 returned 2
branch  7 taken 2 (fallthrough)
branch  8 taken 0 (throw)
        2:   27-block  3
call    9 returned 2
branch 10 taken 2 (fallthrough)
branch 11 taken 0 (throw)
call   12 returned 2
call   13 returned 2
    $$$$$:   27-block  4
    $$$$$:   27-block  5
    $$$$$:   27-block  6
        2:   28:    bool c = rep.modifyMasinaRepo(nr, m);
call    0 returned 2
branch  1 taken 2 (fallthrough)
branch  2 taken 0 (throw)
        2:   29:    if (c)
        2:   29-block  0
branch  0 taken 1 (fallthrough)
branch  1 taken 1
        1:   30:        return true;
        1:   30-block  0
        1:   31:    return false;
        1:   31-block  0
        2:   32:}
        2:   32-block  0
call    0 returned 2
    $$$$$:   32-block  1
call    1 never executed
        -:   33:
