        -:    0:Source:D:/FMI UBB CLUJ 2023-2026/UBB-COMPUTER-SCIENCE/SEMESTRUL 2/PROGRAMARE ORIENTATA OBIECT/LABORATOR/lab 3 dinamic/main.c
        -:    0:Graph:D:\FMI UBB CLUJ 2023-2026\UBB-COMPUTER-SCIENCE\SEMESTRUL 2\PROGRAMARE ORIENTATA OBIECT\LABORATOR\lab 3 dinamic\cmake-build-debug-coverage\CMakeFiles\lab_2.dir\main.c.gcno
        -:    0:Data:D:\FMI UBB CLUJ 2023-2026\UBB-COMPUTER-SCIENCE\SEMESTRUL 2\PROGRAMARE ORIENTATA OBIECT\LABORATOR\lab 3 dinamic\cmake-build-debug-coverage\CMakeFiles\lab_2.dir\main.c.gcda
        -:    0:Runs:1
        -:    1:#include <stdio.h>
        -:    2:#include "ui.h"
        -:    3:#include <stdlib.h>
        -:    4:#include "tests.h"
        -:    5:/*
        -:    6: * 9. Agentie de turism
        -:    7:    Creati o aplicatie care permite gestiunea ofertelor de la o agentie de turism.
        -:    8:    Fiecare oferta are: tip (munte, mare, city break), destinatie, data plecare, pret
        -:    9:    Aplicatia permite:
        -:   10:     a) Adaugarea de noi oferte.
        -:   11:     b) Actualizare oferte
        -:   12:     c) Stergere oferta
        -:   13:     d) Vizualizare oferte ordonat dupa pret, destinatie (crescator/descrescator)
        -:   14:     e) Vizualizare oferta filtrate dupa un criteriu (destinatie, tip, pret)
        -:   15: */
        -:   16:
function main called 1 returned 0% blocks executed 75%
        1:   17:int main()
        -:   18:{
        1:   19:    runAllTests();
        1:   19-block  0
call    0 returned 1
        1:   20:    run();
call    0 returned 0
    #####:   21:    return 0;
        -:   22:}
        -:   23:
        -:   24:
