        -:    0:Source:D:/FMI UBB CLUJ 2023-2026/UBB-COMPUTER-SCIENCE/SEMESTRUL 2/PROGRAMARE ORIENTATA OBIECT/LABORATOR/lab 2/main.c
        -:    0:Graph:D:\FMI UBB CLUJ 2023-2026\UBB-COMPUTER-SCIENCE\SEMESTRUL 2\PROGRAMARE ORIENTATA OBIECT\LABORATOR\lab 2\cmake-build-debug-coverage\CMakeFiles\lab_2.dir\main.c.gcno
        -:    0:Data:D:\FMI UBB CLUJ 2023-2026\UBB-COMPUTER-SCIENCE\SEMESTRUL 2\PROGRAMARE ORIENTATA OBIECT\LABORATOR\lab 2\cmake-build-debug-coverage\CMakeFiles\lab_2.dir\main.c.gcda
        -:    0:Runs:1
        -:    1:#include <stdio.h>
        -:    2:#include "ui.h"
        -:    3:/*
        -:    4: * 9. Agentie de turism
        -:    5:    Creati o aplicatie care permite gestiunea ofertelor de la o agentie de turism.
        -:    6:    Fiecare oferta are: tip (munte, mare, city break), destinatie, data plecare, pret
        -:    7:    Aplicatia permite:
        -:    8:     a) Adaugarea de noi oferte.
        -:    9:     b) Actualizare oferte
        -:   10:     c) Stergere oferta
        -:   11:     d) Vizualizare oferte ordonat dupa pret, destinatie (crescator/descrescator)
        -:   12:     e) Vizualizare oferta filtrate dupa un criteriu (destinatie, tip, pret)
        -:   13: */
        -:   14:
function main called 1 returned 100% blocks executed 100%
        1:   15:int main()
        -:   16:{
        1:   17:    testAll();
        1:   17-block  0
call    0 returned 1
        -:   18:    //run();
        1:   19:    return 0;
        -:   20:}
        -:   21:
