        -:    0:Source:D:/FMI UBB CLUJ 2023-2026/UBB-COMPUTER-SCIENCE/SEMESTRUL 2/PROGRAMARE ORIENTATA OBIECT/LABORATOR/lab 2/repository.c
        -:    0:Graph:D:\FMI UBB CLUJ 2023-2026\UBB-COMPUTER-SCIENCE\SEMESTRUL 2\PROGRAMARE ORIENTATA OBIECT\LABORATOR\lab 2\cmake-build-debug-coverage\CMakeFiles\lab_2.dir\repository.c.gcno
        -:    0:Data:D:\FMI UBB CLUJ 2023-2026\UBB-COMPUTER-SCIENCE\SEMESTRUL 2\PROGRAMARE ORIENTATA OBIECT\LABORATOR\lab 2\cmake-build-debug-coverage\CMakeFiles\lab_2.dir\repository.c.gcda
        -:    0:Runs:1
        -:    1://
        -:    2:// Created by Costi on 11-Mar-24.
        -:    3://
        -:    4:
        -:    5:#include "repository.h"
        -:    6:
function createEmpty called 1 returned 100% blocks executed 100%
        1:    7:List createEmpty()
        -:    8:{
        -:    9:    List v;
        1:   10:    v.length = 0;
        1:   11:    return v;
        1:   11-block  0
        -:   12:}
        -:   13:
function destroy called 0 returned 0% blocks executed 0%
    #####:   14:void destroy(List* v)
        -:   15:{
    #####:   16:    v->length = 0;
    #####:   17:}
        -:   18:
function add called 1 returned 100% blocks executed 100%
        1:   19:void add(List *v, ElemType el)
        -:   20:{
        1:   21:    v->elements[v->length] = el;
        1:   22:    v->length++;
        1:   23:}
        -:   24:
function addOferta called 0 returned 0% blocks executed 0%
    #####:   25:void addOferta(List *v, ElemType el, int poz)
        -:   26:{
    #####:   27:    v->elements[poz] = el;
    #####:   28:}
        -:   29:
function delete called 0 returned 0% blocks executed 0%
    #####:   30:ElemType delete(List *v, int poz)
        -:   31:{
    #####:   32:    ElemType el = v->elements[poz];
    #####:   33:    for (int i = poz; i < v-> length - 1; i++)
    %%%%%:   33-block  0
    %%%%%:   33-block  1
branch  0 never executed
branch  1 never executed (fallthrough)
        -:   34:    {
    #####:   35:        v->elements[i] = v->elements[i+1];
    %%%%%:   35-block  0
        -:   36:    }
    #####:   37:    v->length--;
    #####:   38:    return el;
    %%%%%:   38-block  0
        -:   39:}
        -:   40:
function get called 0 returned 0% blocks executed 0%
    #####:   41:ElemType get(List *v, int poz)
        -:   42:{
    #####:   43:    return v->elements[poz];
    %%%%%:   43-block  0
        -:   44:}
        -:   45:
function size called 0 returned 0% blocks executed 0%
    #####:   46:int size(List *v)
        -:   47:{
    #####:   48:    return v->length;
    %%%%%:   48-block  0
        -:   49:}
