        -:    0:Source:D:/FMI UBB CLUJ 2023-2026/UBB-COMPUTER-SCIENCE/SEMESTRUL 2/PROGRAMARE ORIENTATA OBIECT/LABORATOR/lab 2/repository.c
        -:    0:Graph:D:\FMI UBB CLUJ 2023-2026\UBB-COMPUTER-SCIENCE\SEMESTRUL 2\PROGRAMARE ORIENTATA OBIECT\LABORATOR\lab 2\cmake-build-debug-coverage\CMakeFiles\lab_2.dir\repository.c.gcno
        -:    0:Data:D:\FMI UBB CLUJ 2023-2026\UBB-COMPUTER-SCIENCE\SEMESTRUL 2\PROGRAMARE ORIENTATA OBIECT\LABORATOR\lab 2\cmake-build-debug-coverage\CMakeFiles\lab_2.dir\repository.c.gcda
        -:    0:Runs:1
        -:    1://
        -:    2:// Created by Costi on 11-Mar-24.
        -:    3://
        -:    4:
        -:    5:#include "repository.h"
        -:    6:
function createEmpty called 9 returned 100% blocks executed 100%
        9:    7:List createEmpty()
        -:    8:{
        -:    9:    List v;
        9:   10:    v.length = 0;
        9:   11:    return v;
        9:   11-block  0
        -:   12:}
        -:   13:
function destroy called 2 returned 100% blocks executed 100%
        2:   14:void destroy(List* v)
        -:   15:{
        2:   16:    v->length = 0;
        2:   17:}
        -:   18:
function add called 13 returned 100% blocks executed 100%
       13:   19:void add(List *v, ElemType el)
        -:   20:{
       13:   21:    v->elements[v->length] = el;
       13:   22:    v->length++;
       13:   23:}
        -:   24:
function addOferta called 1 returned 100% blocks executed 100%
        1:   25:void addOferta(List *v, ElemType el, int poz)
        -:   26:{
        1:   27:    v->elements[poz] = el;
        1:   28:}
        -:   29:
function sterge called 3 returned 100% blocks executed 100%
        3:   30:ElemType sterge(List *v, int poz)
        -:   31:{
        3:   32:    ElemType el = v->elements[poz];
        4:   33:    for (int i = poz; i < v-> length - 1; i++)
        3:   33-block  0
        4:   33-block  1
branch  0 taken 1
branch  1 taken 3 (fallthrough)
        -:   34:    {
        1:   35:        v->elements[i] = v->elements[i+1];
        1:   35-block  0
        -:   36:    }
        3:   37:    v->length--;
        3:   38:    return el;
        3:   38-block  0
        -:   39:}
        -:   40:
function get called 20 returned 100% blocks executed 100%
       20:   41:ElemType get(List *v, int poz)
        -:   42:{
       20:   43:    return v->elements[poz];
       20:   43-block  0
        -:   44:}
        -:   45:
function size called 9 returned 100% blocks executed 100%
        9:   46:int size(List *v)
        -:   47:{
        9:   48:    return v->length;
        9:   48-block  0
        -:   49:}
