        -:    0:Source:D:/FMI UBB CLUJ 2023-2026/UBB-COMPUTER-SCIENCE/SEMESTRUL 2/PROGRAMARE ORIENTATA OBIECT/LABORATOR/lab 2/ui.c
        -:    0:Graph:D:\FMI UBB CLUJ 2023-2026\UBB-COMPUTER-SCIENCE\SEMESTRUL 2\PROGRAMARE ORIENTATA OBIECT\LABORATOR\lab 2\cmake-build-debug-coverage\CMakeFiles\lab_2.dir\ui.c.gcno
        -:    0:Data:D:\FMI UBB CLUJ 2023-2026\UBB-COMPUTER-SCIENCE\SEMESTRUL 2\PROGRAMARE ORIENTATA OBIECT\LABORATOR\lab 2\cmake-build-debug-coverage\CMakeFiles\lab_2.dir\ui.c.gcda
        -:    0:Runs:1
        -:    1://
        -:    2:// Created by Costi on 12-Mar-24.
        -:    3://
        -:    4:#include <stdio.h>
        -:    5:#include "ui.h"
        -:    6:#include "tests.h"
function testAll called 1 returned 100% blocks executed 100%
        1:    7:void testAll()
        -:    8:{
        1:    9:    printf("Rulare teste...\n");
        1:    9-block  0
call    0 returned 1
        1:   10:    test_creeazaOferta();
call    0 returned 1
        -:   11:
        1:   12:    test_destroyOferta();
call    0 returned 1
        -:   13:
        1:   14:    test_ValideazaOferta();
call    0 returned 1
        -:   15:
        1:   16:    test_createEmpty();
call    0 returned 1
        -:   17:
        1:   18:    testAddAndGet();
call    0 returned 1
        -:   19:
        1:   20:    test_addCantitate();
call    0 returned 1
        -:   21:
        1:   22:    test_delete();
call    0 returned 1
        -:   23:
        1:   24:    test_size();
call    0 returned 1
        -:   25:
        1:   26:    test_adaugaService();
call    0 returned 1
        -:   27:
        1:   28:    test_modificaService();
call    0 returned 1
        -:   29:
        1:   30:    test_stergeService();
call    0 returned 1
        -:   31:
        1:   32:    test_filtru();
call    0 returned 1
        -:   33:
        1:   34:    test_sort();
call    0 returned 1
        -:   35:
        1:   36:    printf("\nRulare reusita!\n");
call    0 returned 1
        1:   37:}
function uiAdd called 0 returned 0% blocks executed 0%
    #####:   38:void uiAdd(List *v)
        -:   39:{
    #####:   40:    printf("Adauga oferta : tip, destinatie, data plecarii, pret\n");
    %%%%%:   40-block  0
call    0 never executed
        -:   41:    char tip[30], destinatie[30], data_plecarii[30];
        -:   42:    float pret;
    #####:   43:    printf("Introduceti tip : \n");
call    0 never executed
    #####:   44:    scanf("%s", tip);
call    0 never executed
    #####:   45:    printf("Introduceti destinatie : \n");
call    0 never executed
    #####:   46:    scanf("%s", destinatie);
call    0 never executed
    #####:   47:    printf("Introduceti data plecarii : \n");
call    0 never executed
    #####:   48:    scanf("%s", data_plecarii);
call    0 never executed
    #####:   49:    printf("Introduceti pret : \n");
call    0 never executed
    #####:   50:    scanf("%f", &pret);
call    0 never executed
    #####:   51:    int ok = adaugaOferta(v,tip,destinatie,data_plecarii,pret);
call    0 never executed
    #####:   52:    if (ok)
branch  0 never executed (fallthrough)
branch  1 never executed
    #####:   53:        printf("Oferta adaugata cu succes! \n");
    %%%%%:   53-block  0
call    0 never executed
        -:   54:    else
    #####:   55:        printf("Oferta nu este valida! \n");
    %%%%%:   55-block  0
call    0 never executed
    #####:   56:}
function uiModify called 0 returned 0% blocks executed 0%
    #####:   57:void uiModify(List *v) //de modificat
        -:   58:{
    #####:   59:    printf("Modifica oferta : tip, destinatie, data plecarii si introduceti noul pret\n");
    %%%%%:   59-block  0
call    0 never executed
        -:   60:    char tip[30], destinatie[30], data_plecarii[30];
        -:   61:    float pret;
    #####:   62:    printf("Introduceti tip : \n");
call    0 never executed
    #####:   63:    scanf("%s", tip);
call    0 never executed
    #####:   64:    printf("Introduceti destinatie : \n");
call    0 never executed
    #####:   65:    scanf("%s", destinatie);
call    0 never executed
    #####:   66:    printf("Introduceti data plecarii : \n");
call    0 never executed
    #####:   67:    scanf("%s", data_plecarii);
call    0 never executed
    #####:   68:    printf("Introduceti noul pret : \n");
call    0 never executed
    #####:   69:    scanf("%f", &pret);
call    0 never executed
    #####:   70:    int ok = modificaOferta(v,tip,destinatie,data_plecarii,pret);
call    0 never executed
    #####:   71:    if (ok)
branch  0 never executed (fallthrough)
branch  1 never executed
    #####:   72:        printf("Oferta modificata cu succes! \n");
    %%%%%:   72-block  0
call    0 never executed
        -:   73:    else
    #####:   74:        printf("Oferta nu este valida! \n");
    %%%%%:   74-block  0
call    0 never executed
    #####:   75:}
function uiDelete called 0 returned 0% blocks executed 0%
    #####:   76:void uiDelete(List *v)
        -:   77:{
    #####:   78:    printf("Sterge oferta : tip, destinatie, data plecarii\n");
    %%%%%:   78-block  0
call    0 never executed
        -:   79:    char tip[30], destinatie[30], data_plecarii[30];
    #####:   80:    printf("Introduceti tip : \n");
call    0 never executed
    #####:   81:    scanf("%s", tip);
call    0 never executed
    #####:   82:    printf("Introduceti destinatie : \n");
call    0 never executed
    #####:   83:    scanf("%s", destinatie);
call    0 never executed
    #####:   84:    printf("Introduceti data plecarii : \n");
call    0 never executed
    #####:   85:    scanf("%s", data_plecarii);
call    0 never executed
    #####:   86:    int ok = stergeOferta(v,tip,destinatie,data_plecarii);
call    0 never executed
    #####:   87:    if (ok)
branch  0 never executed (fallthrough)
branch  1 never executed
    #####:   88:        printf("Oferta stearsa cu succes! \n");
    %%%%%:   88-block  0
call    0 never executed
        -:   89:    else
    #####:   90:        printf("Oferta nu este valida! \n");
    %%%%%:   90-block  0
call    0 never executed
    #####:   91:}
function uiSort called 0 returned 0% blocks executed 0%
    #####:   92:void uiSort(List *v)
        -:   93:{
    #####:   94:    printf("Sort");
    %%%%%:   94-block  0
call    0 never executed
    #####:   95:}
function uiFilter called 0 returned 0% blocks executed 0%
    #####:   96:void uiFilter(List *v)
        -:   97:{
    #####:   98:    printf("Filter");
    %%%%%:   98-block  0
call    0 never executed
    #####:   99:}
function getAll called 0 returned 0% blocks executed 0%
    #####:  100:void getAll(List *v)
        -:  101:{
    #####:  102:    for (int i = 0; i < size(v); i++)
    %%%%%:  102-block  0
    %%%%%:  102-block  1
call    0 never executed
branch  1 never executed
branch  2 never executed (fallthrough)
        -:  103:    {
    #####:  104:        oferta o = get(v,i);
    %%%%%:  104-block  0
call    0 never executed
    #####:  105:        printf("Tip: %s | Destinatie: %s | Data plecarii: %s | Pret: %f\n",o.tip,o.destinatie,o.data_plecarii,o.pret);
call    0 never executed
        -:  106:    }
    #####:  107:    printf("\n");
    %%%%%:  107-block  0
call    0 never executed
    #####:  108:}
function menu called 1 returned 100% blocks executed 100%
        1:  109:void menu()
        -:  110:{
        1:  111:    printf("1. Adaugarea de noi oferte.\n");
        1:  111-block  0
call    0 returned 1
        1:  112:    printf("2. Actualizare oferte.\n");
call    0 returned 1
        1:  113:    printf("3. Stergere oferta.\n");
call    0 returned 1
        1:  114:    printf("4. Vizualizare oferete ordonat dupa pret, destinatie (crescator/descrescator).\n");
call    0 returned 1
        1:  115:    printf("5. Vizualizare oferta filtrate dupa un criteriu (destinatie, tip, pret).\n");
call    0 returned 1
        1:  116:    printf("6. Iesire aplicatie\n");
call    0 returned 1
        1:  117:    printf("7. Afisare elemente\n");
call    0 returned 1
        1:  118:}
function run called 1 returned 0% blocks executed 32%
        1:  119:void run()
        -:  120:{
        1:  121:    List v = createEmpty();
        1:  121-block  0
call    0 returned 1
        -:  122:    int option, ok;
        1:  123:    ok = 1;
        1:  124:    printf("\nBine ati venit in aplicatie!\n");
call    0 returned 1
        1:  125:    while(ok)
        1:  125-block  0
branch  0 taken 1
branch  1 taken 0 (fallthrough)
        -:  126:    {
        1:  127:        menu();
        1:  127-block  0
call    0 returned 1
        1:  128:        printf("Alegeti optiunea: \n");
call    0 returned 1
        1:  129:        scanf("%d", &option);
call    0 returned 0
    #####:  130:        switch(option){
branch  0 never executed
branch  1 never executed
branch  2 never executed
branch  3 never executed
branch  4 never executed
branch  5 never executed
branch  6 never executed
branch  7 never executed
    #####:  131:            case 1:
    #####:  132:                uiAdd(&v);
    %%%%%:  132-block  0
call    0 never executed
    #####:  133:                break;
    #####:  134:            case 2:
    #####:  135:                uiModify(&v);
    %%%%%:  135-block  0
call    0 never executed
    #####:  136:                break;
    #####:  137:            case 3:
    #####:  138:                uiDelete(&v);
    %%%%%:  138-block  0
call    0 never executed
    #####:  139:                break;
    #####:  140:            case 4:
    #####:  141:                uiSort(&v);
    %%%%%:  141-block  0
call    0 never executed
    #####:  142:                break;
    #####:  143:            case 5:
    #####:  144:                uiFilter(&v);
    %%%%%:  144-block  0
call    0 never executed
    #####:  145:                break;
    #####:  146:            case 6:
    #####:  147:                printf("Iesire aplicatie...");
    %%%%%:  147-block  0
call    0 never executed
    #####:  148:                ok = 0;
    #####:  149:                break;
    #####:  150:            case 7:
    #####:  151:                getAll(&v);
    %%%%%:  151-block  0
call    0 never executed
    #####:  152:                break;
    #####:  153:            default:
    #####:  154:                printf("Comanda gresita!\n");
    %%%%%:  154-block  0
call    0 never executed
    #####:  155:                break;
        -:  156:        }
        -:  157:    }
    #####:  158:}
